<?xml version="1.0" encoding="UTF-8"?>
<!-- Generated by org.testng.reporters.JUnitXMLReporter -->
<testsuite ignored="0" hostname="LAPTOP-5HA6IPLO" failures="0" tests="6" name="Default test" time="24.153" errors="0" timestamp="2025-12-17T16:35:31 IST">
  <testcase classname="org.test.AssetDemo" name="CreateNewAccountIsEnabled" time="0.076"/>
  <testcase classname="org.test.AssetDemo" name="EmailTextBoxIsDisplayed" time="0.042"/>
  <testcase classname="org.test.AssetDemo" name="FBLoginPageTitleVerification" time="0.016"/>
  <testcase classname="org.test.AssetDemo" name="ForgottenPasswordIsEnabled" time="0.047"/>
  <testcase classname="org.test.AssetDemo" name="PasswordTextBoxIsDisplayed" time="0.348"/>
  <testcase classname="org.test.AssetDemo" name="loginButtonIsEnabled" time="0.05"/>
</testsuite> <!-- Default test -->
