<?xml version="1.0" encoding="UTF-8"?>
<!-- Generated by org.testng.reporters.JUnitXMLReporter -->
<testsuite ignored="1" hostname="LAPTOP-5HA6IPLO" failures="1" tests="6" name="Test" time="2.256" errors="0" timestamp="2025-12-17T15:31:48 IST">
  <testcase classname="org.test.Annotation" name="test01" time="0.027"/>
  <testcase classname="org.test.Annotation" name="test02" time="0.014"/>
  <testcase classname="org.test.Attributes" name="login" time="0.007"/>
  <testcase classname="org.test.Attributes" name="homepage" time="0.003"/>
  <testcase classname="org.test.Attributes" name="productpage" time="0.02"/>
  <testcase classname="org.test.Attributes" name="Searchpage" time="2.015">
    <failure type="org.testng.internal.thread.ThreadTimeoutException" message="Method org.test.Attributes.Searchpage() didn&amp;apos;t finish within the time-out 2000">
      <![CDATA[org.testng.internal.thread.ThreadTimeoutException: Method org.test.Attributes.Searchpage() didn't finish within the time-out 2000
at java.base/java.util.ArrayList.forEach(ArrayList.java:1596)
... Removed 24 stack frames]]>
    </failure>
  </testcase> <!-- Searchpage -->
  <testcase classname="org.test.Attributes" name="logout" time="0.0">
    <ignored/>
  </testcase> <!-- logout -->
</testsuite> <!-- Test -->
