<?xml version="1.0" encoding="UTF-8"?>
<testng-results ignored="0" total="6" passed="6" failed="0" skipped="0">
  <reporter-output>
  </reporter-output>
  <suite started-at="2025-12-17T16:35:07 IST" name="Default suite" finished-at="2025-12-17T16:35:31 IST" duration-ms="24153">
    <groups>
    </groups>
    <test started-at="2025-12-17T16:35:07 IST" name="Default test" finished-at="2025-12-17T16:35:31 IST" duration-ms="24153">
      <class name="org.test.AssetDemo">
        <test-method is-config="true" signature="browserSetup()[pri:0, instance:org.test.AssetDemo@765d7657]" started-at="2025-12-17T16:35:07 IST" name="browserSetup" finished-at="2025-12-17T16:35:12 IST" duration-ms="4722" status="PASS">
          <reporter-output>
          </reporter-output>
        </test-method> <!-- browserSetup -->
        <test-method signature="CreateNewAccountIsEnabled()[pri:0, instance:org.test.AssetDemo@765d7657]" started-at="2025-12-17T16:35:12 IST" name="CreateNewAccountIsEnabled" finished-at="2025-12-17T16:35:12 IST" duration-ms="76" status="PASS">
          <reporter-output>
          </reporter-output>
        </test-method> <!-- CreateNewAccountIsEnabled -->
        <test-method is-config="true" signature="teardown()[pri:0, instance:org.test.AssetDemo@765d7657]" started-at="2025-12-17T16:35:12 IST" name="teardown" finished-at="2025-12-17T16:35:12 IST" duration-ms="400" status="PASS">
          <reporter-output>
          </reporter-output>
        </test-method> <!-- teardown -->
        <test-method is-config="true" signature="browserSetup()[pri:0, instance:org.test.AssetDemo@765d7657]" started-at="2025-12-17T16:35:12 IST" name="browserSetup" finished-at="2025-12-17T16:35:16 IST" duration-ms="3623" status="PASS">
          <reporter-output>
          </reporter-output>
        </test-method> <!-- browserSetup -->
        <test-method signature="EmailTextBoxIsDisplayed()[pri:0, instance:org.test.AssetDemo@765d7657]" started-at="2025-12-17T16:35:16 IST" name="EmailTextBoxIsDisplayed" finished-at="2025-12-17T16:35:16 IST" duration-ms="42" status="PASS">
          <reporter-output>
          </reporter-output>
        </test-method> <!-- EmailTextBoxIsDisplayed -->
        <test-method is-config="true" signature="teardown()[pri:0, instance:org.test.AssetDemo@765d7657]" started-at="2025-12-17T16:35:16 IST" name="teardown" finished-at="2025-12-17T16:35:16 IST" duration-ms="329" status="PASS">
          <reporter-output>
          </reporter-output>
        </test-method> <!-- teardown -->
        <test-method is-config="true" signature="browserSetup()[pri:0, instance:org.test.AssetDemo@765d7657]" started-at="2025-12-17T16:35:16 IST" name="browserSetup" finished-at="2025-12-17T16:35:20 IST" duration-ms="3545" status="PASS">
          <reporter-output>
          </reporter-output>
        </test-method> <!-- browserSetup -->
        <test-method signature="FBLoginPageTitleVerification()[pri:0, instance:org.test.AssetDemo@765d7657]" started-at="2025-12-17T16:35:20 IST" name="FBLoginPageTitleVerification" finished-at="2025-12-17T16:35:20 IST" duration-ms="16" status="PASS">
          <reporter-output>
          </reporter-output>
        </test-method> <!-- FBLoginPageTitleVerification -->
        <test-method is-config="true" signature="teardown()[pri:0, instance:org.test.AssetDemo@765d7657]" started-at="2025-12-17T16:35:20 IST" name="teardown" finished-at="2025-12-17T16:35:20 IST" duration-ms="325" status="PASS">
          <reporter-output>
          </reporter-output>
        </test-method> <!-- teardown -->
        <test-method is-config="true" signature="browserSetup()[pri:0, instance:org.test.AssetDemo@765d7657]" started-at="2025-12-17T16:35:20 IST" name="browserSetup" finished-at="2025-12-17T16:35:24 IST" duration-ms="3580" status="PASS">
          <reporter-output>
          </reporter-output>
        </test-method> <!-- browserSetup -->
        <test-method signature="ForgottenPasswordIsEnabled()[pri:0, instance:org.test.AssetDemo@765d7657]" started-at="2025-12-17T16:35:24 IST" name="ForgottenPasswordIsEnabled" finished-at="2025-12-17T16:35:24 IST" duration-ms="47" status="PASS">
          <reporter-output>
          </reporter-output>
        </test-method> <!-- ForgottenPasswordIsEnabled -->
        <test-method is-config="true" signature="teardown()[pri:0, instance:org.test.AssetDemo@765d7657]" started-at="2025-12-17T16:35:24 IST" name="teardown" finished-at="2025-12-17T16:35:24 IST" duration-ms="340" status="PASS">
          <reporter-output>
          </reporter-output>
        </test-method> <!-- teardown -->
        <test-method is-config="true" signature="browserSetup()[pri:0, instance:org.test.AssetDemo@765d7657]" started-at="2025-12-17T16:35:24 IST" name="browserSetup" finished-at="2025-12-17T16:35:26 IST" duration-ms="2462" status="PASS">
          <reporter-output>
          </reporter-output>
        </test-method> <!-- browserSetup -->
        <test-method signature="PasswordTextBoxIsDisplayed()[pri:0, instance:org.test.AssetDemo@765d7657]" started-at="2025-12-17T16:35:26 IST" name="PasswordTextBoxIsDisplayed" finished-at="2025-12-17T16:35:27 IST" duration-ms="348" status="PASS">
          <reporter-output>
          </reporter-output>
        </test-method> <!-- PasswordTextBoxIsDisplayed -->
        <test-method is-config="true" signature="teardown()[pri:0, instance:org.test.AssetDemo@765d7657]" started-at="2025-12-17T16:35:27 IST" name="teardown" finished-at="2025-12-17T16:35:27 IST" duration-ms="350" status="PASS">
          <reporter-output>
          </reporter-output>
        </test-method> <!-- teardown -->
        <test-method is-config="true" signature="browserSetup()[pri:0, instance:org.test.AssetDemo@765d7657]" started-at="2025-12-17T16:35:27 IST" name="browserSetup" finished-at="2025-12-17T16:35:31 IST" duration-ms="3463" status="PASS">
          <reporter-output>
          </reporter-output>
        </test-method> <!-- browserSetup -->
        <test-method signature="loginButtonIsEnabled()[pri:0, instance:org.test.AssetDemo@765d7657]" started-at="2025-12-17T16:35:31 IST" name="loginButtonIsEnabled" finished-at="2025-12-17T16:35:31 IST" duration-ms="50" status="PASS">
          <reporter-output>
          </reporter-output>
        </test-method> <!-- loginButtonIsEnabled -->
        <test-method is-config="true" signature="teardown()[pri:0, instance:org.test.AssetDemo@765d7657]" started-at="2025-12-17T16:35:31 IST" name="teardown" finished-at="2025-12-17T16:35:31 IST" duration-ms="348" status="PASS">
          <reporter-output>
          </reporter-output>
        </test-method> <!-- teardown -->
      </class> <!-- org.test.AssetDemo -->
    </test> <!-- Default test -->
  </suite> <!-- Default suite -->
</testng-results>
