<?xml version="1.0" encoding="UTF-8"?>
<testng-results ignored="0" total="2" passed="2" failed="0" skipped="0">
  <reporter-output>
  </reporter-output>
  <suite started-at="2025-12-17T17:16:59 IST" name="Suite" finished-at="2025-12-17T17:17:16 IST" duration-ms="17498">
    <groups>
    </groups>
    <test started-at="2025-12-17T17:16:59 IST" name="Test" finished-at="2025-12-17T17:17:16 IST" duration-ms="17498">
      <class name="org.test.Parameter">
        <test-method is-config="true" signature="browserSetup()[pri:0, instance:org.test.Parameter@30c15d8b]" started-at="2025-12-17T17:16:59 IST" name="browserSetup" finished-at="2025-12-17T17:17:06 IST" duration-ms="7619" status="PASS">
          <reporter-output>
          </reporter-output>
        </test-method> <!-- browserSetup -->
        <test-method signature="LoginVerification(java.lang.String,java.lang.String)[pri:0, instance:org.test.Parameter@30c15d8b]" started-at="2025-12-17T17:17:06 IST" name="LoginVerification" finished-at="2025-12-17T17:17:10 IST" duration-ms="3802" status="PASS">
          <params>
            <param index="0">
              <value>
                <![CDATA[Admin]]>
              </value>
            </param>
            <param index="1">
              <value>
                <![CDATA[admin123]]>
              </value>
            </param>
          </params>
          <reporter-output>
          </reporter-output>
        </test-method> <!-- LoginVerification -->
        <test-method is-config="true" signature="tearDown()[pri:0, instance:org.test.Parameter@30c15d8b]" started-at="2025-12-17T17:17:10 IST" name="tearDown" finished-at="2025-12-17T17:17:11 IST" duration-ms="416" status="PASS">
          <reporter-output>
          </reporter-output>
        </test-method> <!-- tearDown -->
        <test-method is-config="true" signature="browserSetup()[pri:0, instance:org.test.Parameter@30c15d8b]" started-at="2025-12-17T17:17:11 IST" name="browserSetup" finished-at="2025-12-17T17:17:16 IST" duration-ms="5309" status="PASS">
          <reporter-output>
          </reporter-output>
        </test-method> <!-- browserSetup -->
        <test-method signature="TitleVerification(java.lang.String)[pri:0, instance:org.test.Parameter@30c15d8b]" started-at="2025-12-17T17:17:16 IST" name="TitleVerification" finished-at="2025-12-17T17:17:16 IST" duration-ms="13" status="PASS">
          <params>
            <param index="0">
              <value>
                <![CDATA[OrangeHRM]]>
              </value>
            </param>
          </params>
          <reporter-output>
          </reporter-output>
        </test-method> <!-- TitleVerification -->
        <test-method is-config="true" signature="tearDown()[pri:0, instance:org.test.Parameter@30c15d8b]" started-at="2025-12-17T17:17:16 IST" name="tearDown" finished-at="2025-12-17T17:17:16 IST" duration-ms="265" status="PASS">
          <reporter-output>
          </reporter-output>
        </test-method> <!-- tearDown -->
      </class> <!-- org.test.Parameter -->
    </test> <!-- Test -->
  </suite> <!-- Suite -->
</testng-results>
