<?xml version="1.0" encoding="UTF-8"?>
<!-- Generated by org.testng.reporters.JUnitReportReporter -->
<testsuite hostname="LAPTOP-5HA6IPLO" failures="0" tests="6" name="org.test.AssetDemo" time="50.946" errors="0" timestamp="2025-12-18T08:51:56 IST" skipped="0">
  <testcase classname="org.test.AssetDemo" name="CreateNewAccountIsEnabled" time="7.357"/>
  <testcase classname="org.test.AssetDemo" name="FBLoginPageTitleVerification" time="7.158"/>
  <testcase classname="org.test.AssetDemo" name="ForgottenPasswordIsEnabled" time="8.987"/>
  <testcase classname="org.test.AssetDemo" name="PasswordTextBoxIsDisplayed" time="11.231"/>
  <testcase classname="org.test.AssetDemo" name="loginButtonIsEnabled" time="10.726"/>
  <testcase classname="org.test.AssetDemo" name="EmailTextBoxIsDisplayed" time="5.487"/>
</testsuite> <!-- org.test.AssetDemo -->
