<?xml version="1.0" encoding="UTF-8"?>
<!-- Generated by org.testng.reporters.JUnitReportReporter -->
<testsuite hostname="LAPTOP-5HA6IPLO" failures="0" tests="6" name="org.test.AssetDemo" time="24.066" errors="0" timestamp="2025-12-17T16:35:31 IST" skipped="0">
  <testcase classname="org.test.AssetDemo" name="ForgottenPasswordIsEnabled" time="3.999"/>
  <testcase classname="org.test.AssetDemo" name="EmailTextBoxIsDisplayed" time="2.829"/>
  <testcase classname="org.test.AssetDemo" name="CreateNewAccountIsEnabled" time="5.198"/>
  <testcase classname="org.test.AssetDemo" name="FBLoginPageTitleVerification" time="3.909"/>
  <testcase classname="org.test.AssetDemo" name="loginButtonIsEnabled" time="3.970"/>
  <testcase classname="org.test.AssetDemo" name="PasswordTextBoxIsDisplayed" time="4.161"/>
</testsuite> <!-- org.test.AssetDemo -->
